<?xml version="1.0" encoding="UTF-8"?>
<testsuite name="com.my.yarn.test.AppTest" tests="1" skipped="0" failures="0" errors="0" timestamp="2018-09-17T11:16:54" hostname="localhost" time="0.002">
  <properties/>
  <testcase name="testAppHasAGreeting" classname="com.my.yarn.test.AppTest" time="0.002"/>
  <system-out><![CDATA[]]></system-out>
  <system-err><![CDATA[]]></system-err>
</testsuite>
